<?xml version="1.0" encoding="UTF-8"?>
<!-- Generated by org.testng.reporters.JUnitReportReporter -->
<testsuite skipped="0" hostname="GBQ4Y4S2E" name="tests.RegistrationTest" tests="5" failures="0" timestamp="2020-12-27T14:18:00 EET" time="14.615" errors="0">
  <testcase name="userEnterDataToRegister" time="5.754" classname="tests.RegistrationTest"/>
  <system-out/>
  <testcase name="checkuserLoginsucessfully" time="3.920" classname="tests.RegistrationTest"/>
  <system-out/>
  <testcase name="userRegisterLogOutsucessfully" time="2.393" classname="tests.RegistrationTest"/>
  <system-out/>
  <testcase name="checkuserRegisterSucessfully" time="0.053" classname="tests.RegistrationTest"/>
  <system-out/>
  <testcase name="userRediretToSiginpage" time="2.495" classname="tests.RegistrationTest"/>
  <system-out/>
</testsuite> <!-- tests.RegistrationTest -->
