<?xml version="1.0" encoding="UTF-8"?>
<!-- Generated by org.testng.reporters.JUnitReportReporter -->
<testsuite skipped="0" hostname="GBQ4Y4S2E" name="tests.OrderHistoryTest" tests="1" failures="0" timestamp="2020-12-27T14:18:00 EET" time="17.677" errors="0">
  <testcase name="orderFromHistorysucessfully" time="17.677" classname="tests.OrderHistoryTest"/>
  <system-out/>
</testsuite> <!-- tests.OrderHistoryTest -->
