<?xml version="1.0" encoding="UTF-8"?>
<!-- Generated by org.testng.reporters.JUnitReportReporter -->
<testsuite skipped="0" hostname="GBQ4Y4S2E" name="tests.SearchProductTest" tests="3" failures="0" timestamp="2020-12-27T14:18:00 EET" time="28.894" errors="0">
  <testcase name="searchBlouses" time="6.968" classname="tests.SearchProductTest"/>
  <system-out/>
  <testcase name="checkProceedCheckOutsuccessfully" time="18.845" classname="tests.SearchProductTest"/>
  <system-out/>
  <testcase name="SelectResultedProduct" time="3.081" classname="tests.SearchProductTest"/>
  <system-out/>
</testsuite> <!-- tests.SearchProductTest -->
